{"/Users/macosx/dev/study/nest-simple-crud-test/src/user/user.entity.ts": {"path":"/Users/macosx/dev/study/nest-simple-crud-test/src/user/user.entity.ts","statementMap":{"0":{"start":{"line":1,"column":0},"end":{"line":1,"column":119}},"1":{"start":{"line":4,"column":0},"end":{"line":32,"column":null}},"2":{"start":{"line":30,"column":4},"end":{"line":30,"column":30}},"3":{"start":{"line":6,"column":2},"end":{"line":6,"column":null}},"4":{"start":{"line":9,"column":2},"end":{"line":9,"column":null}},"5":{"start":{"line":12,"column":2},"end":{"line":12,"column":null}},"6":{"start":{"line":15,"column":2},"end":{"line":15,"column":null}},"7":{"start":{"line":18,"column":2},"end":{"line":18,"column":null}},"8":{"start":{"line":21,"column":2},"end":{"line":21,"column":null}},"9":{"start":{"line":24,"column":2},"end":{"line":24,"column":null}},"10":{"start":{"line":27,"column":2},"end":{"line":27,"column":null}},"11":{"start":{"line":4,"column":13},"end":{"line":32,"column":null}},"12":{"start":{"line":4,"column":13},"end":{"line":4,"column":17}}},"fnMap":{"0":{"name":"(anonymous_2)","decl":{"start":{"line":29,"column":2},"end":{"line":29,"column":14}},"loc":{"start":{"line":29,"column":24},"end":{"line":31,"column":3}}}},"branchMap":{},"s":{"0":1,"1":1,"2":1,"3":1,"4":1,"5":1,"6":1,"7":1,"8":1,"9":1,"10":1,"11":1,"12":1},"f":{"0":1},"b":{}}
,"/Users/macosx/dev/study/nest-simple-crud-test/src/user/user.service.ts": {"path":"/Users/macosx/dev/study/nest-simple-crud-test/src/user/user.service.ts","statementMap":{"0":{"start":{"line":1,"column":0},"end":{"line":1,"column":103}},"1":{"start":{"line":2,"column":0},"end":{"line":2,"column":51}},"2":{"start":{"line":3,"column":0},"end":{"line":3,"column":37}},"3":{"start":{"line":4,"column":0},"end":{"line":4,"column":37}},"4":{"start":{"line":7,"column":0},"end":{"line":80,"column":null}},"5":{"start":{"line":11,"column":45},"end":{"line":11,"column":51}},"6":{"start":{"line":13,"column":4},"end":{"line":13,"column":44}},"7":{"start":{"line":17,"column":4},"end":{"line":25,"column":null}},"8":{"start":{"line":18,"column":21},"end":{"line":20,"column":18}},"9":{"start":{"line":22,"column":6},"end":{"line":22,"column":20}},"10":{"start":{"line":24,"column":6},"end":{"line":24,"column":52}},"11":{"start":{"line":29,"column":4},"end":{"line":39,"column":null}},"12":{"start":{"line":30,"column":21},"end":{"line":30,"column":52}},"13":{"start":{"line":32,"column":6},"end":{"line":34,"column":null}},"14":{"start":{"line":33,"column":8},"end":{"line":33,"column":64}},"15":{"start":{"line":36,"column":6},"end":{"line":36,"column":20}},"16":{"start":{"line":38,"column":6},"end":{"line":38,"column":52}},"17":{"start":{"line":43,"column":4},"end":{"line":49,"column":null}},"18":{"start":{"line":44,"column":21},"end":{"line":44,"column":55}},"19":{"start":{"line":46,"column":6},"end":{"line":46,"column":20}},"20":{"start":{"line":48,"column":6},"end":{"line":48,"column":52}},"21":{"start":{"line":53,"column":4},"end":{"line":64,"column":null}},"22":{"start":{"line":54,"column":19},"end":{"line":54,"column":53}},"23":{"start":{"line":55,"column":6},"end":{"line":57,"column":null}},"24":{"start":{"line":56,"column":8},"end":{"line":56,"column":62}},"25":{"start":{"line":59,"column":21},"end":{"line":59,"column":47}},"26":{"start":{"line":61,"column":6},"end":{"line":61,"column":20}},"27":{"start":{"line":63,"column":6},"end":{"line":63,"column":52}},"28":{"start":{"line":68,"column":4},"end":{"line":78,"column":null}},"29":{"start":{"line":69,"column":19},"end":{"line":69,"column":38}},"30":{"start":{"line":71,"column":6},"end":{"line":73,"column":null}},"31":{"start":{"line":72,"column":8},"end":{"line":72,"column":39}},"32":{"start":{"line":75,"column":6},"end":{"line":75,"column":18}},"33":{"start":{"line":77,"column":6},"end":{"line":77,"column":52}},"34":{"start":{"line":7,"column":13},"end":{"line":80,"column":null}},"35":{"start":{"line":7,"column":13},"end":{"line":7,"column":24}}},"fnMap":{"0":{"name":"(anonymous_4)","decl":{"start":{"line":10,"column":2},"end":{"line":10,"column":null}},"loc":{"start":{"line":11,"column":67},"end":{"line":14,"column":3}}},"1":{"name":"(anonymous_5)","decl":{"start":{"line":16,"column":2},"end":{"line":16,"column":7}},"loc":{"start":{"line":16,"column":15},"end":{"line":26,"column":3}}},"2":{"name":"(anonymous_6)","decl":{"start":{"line":28,"column":2},"end":{"line":28,"column":7}},"loc":{"start":{"line":28,"column":23},"end":{"line":40,"column":3}}},"3":{"name":"(anonymous_7)","decl":{"start":{"line":42,"column":2},"end":{"line":42,"column":7}},"loc":{"start":{"line":42,"column":33},"end":{"line":50,"column":3}}},"4":{"name":"(anonymous_8)","decl":{"start":{"line":52,"column":2},"end":{"line":52,"column":7}},"loc":{"start":{"line":52,"column":23},"end":{"line":65,"column":3}}},"5":{"name":"(anonymous_9)","decl":{"start":{"line":67,"column":2},"end":{"line":67,"column":7}},"loc":{"start":{"line":67,"column":26},"end":{"line":79,"column":3}}}},"branchMap":{"0":{"loc":{"start":{"line":32,"column":6},"end":{"line":34,"column":null}},"type":"if","locations":[{"start":{"line":32,"column":6},"end":{"line":34,"column":null}},{"start":{"line":32,"column":6},"end":{"line":34,"column":null}}]},"1":{"loc":{"start":{"line":55,"column":6},"end":{"line":57,"column":null}},"type":"if","locations":[{"start":{"line":55,"column":6},"end":{"line":57,"column":null}},{"start":{"line":55,"column":6},"end":{"line":57,"column":null}}]},"2":{"loc":{"start":{"line":71,"column":6},"end":{"line":73,"column":null}},"type":"if","locations":[{"start":{"line":71,"column":6},"end":{"line":73,"column":null}},{"start":{"line":71,"column":6},"end":{"line":73,"column":null}}]}},"s":{"0":1,"1":1,"2":1,"3":1,"4":1,"5":9,"6":9,"7":1,"8":1,"9":1,"10":0,"11":4,"12":4,"13":4,"14":2,"15":2,"16":2,"17":3,"18":3,"19":3,"20":0,"21":2,"22":2,"23":2,"24":1,"25":1,"26":1,"27":1,"28":2,"29":2,"30":1,"31":1,"32":1,"33":1,"34":1,"35":1},"f":{"0":9,"1":1,"2":4,"3":3,"4":2,"5":2},"b":{"0":[2,2],"1":[1,1],"2":[1,0]}}
,"/Users/macosx/dev/study/nest-simple-crud-test/src/user/mocks/index.ts": {"path":"/Users/macosx/dev/study/nest-simple-crud-test/src/user/mocks/index.ts","statementMap":{"0":{"start":{"line":1,"column":0},"end":{"line":1,"column":38}},"1":{"start":{"line":3,"column":13},"end":{"line":3,"column":123}}},"fnMap":{},"branchMap":{},"s":{"0":1,"1":1},"f":{},"b":{}}
}
