TN:
SF:/Users/macosx/dev/study/nest-simple-crud-test/src/user/user.entity.ts
FN:29,(anonymous_2)
FNF:1
FNH:1
FNDA:1,(anonymous_2)
DA:1,1
DA:4,1
DA:6,1
DA:9,1
DA:12,1
DA:15,1
DA:18,1
DA:21,1
DA:24,1
DA:27,1
DA:30,1
LF:11
LH:11
BRF:0
BRH:0
end_of_record
TN:
SF:/Users/macosx/dev/study/nest-simple-crud-test/src/user/user.service.ts
FN:10,(anonymous_4)
FN:16,(anonymous_5)
FN:28,(anonymous_6)
FN:42,(anonymous_7)
FN:52,(anonymous_8)
FN:67,(anonymous_9)
FNF:6
FNH:6
FNDA:9,(anonymous_4)
FNDA:1,(anonymous_5)
FNDA:4,(anonymous_6)
FNDA:3,(anonymous_7)
FNDA:2,(anonymous_8)
FNDA:2,(anonymous_9)
DA:1,1
DA:2,1
DA:3,1
DA:4,1
DA:7,1
DA:11,9
DA:13,9
DA:17,1
DA:18,1
DA:22,1
DA:24,0
DA:29,4
DA:30,4
DA:32,4
DA:33,2
DA:36,2
DA:38,2
DA:43,3
DA:44,3
DA:46,3
DA:48,0
DA:53,2
DA:54,2
DA:55,2
DA:56,1
DA:59,1
DA:61,1
DA:63,1
DA:68,2
DA:69,2
DA:71,1
DA:72,1
DA:75,1
DA:77,1
LF:34
LH:32
BRDA:32,0,0,2
BRDA:32,0,1,2
BRDA:55,1,0,1
BRDA:55,1,1,1
BRDA:71,2,0,1
BRDA:71,2,1,0
BRF:6
BRH:5
end_of_record
TN:
SF:/Users/macosx/dev/study/nest-simple-crud-test/src/user/mocks/index.ts
FNF:0
FNH:0
DA:1,1
DA:3,1
LF:2
LH:2
BRF:0
BRH:0
end_of_record
